[2026-02-03T07:30:00Z] WORKFLOW START: scan-2026-02-03-marathon
[2026-02-03T07:30:00Z] MODE: Marathon (Base + Expansion)
[2026-02-03T07:30:00Z] DB STATUS: 461 signals, last scan 2026-02-02

[2026-02-03T07:30:00Z] PHASE 1: RESEARCH
[2026-02-03T07:30:00Z] Step 1.1: Archive loaded (461 signals)
[2026-02-03T07:30:01Z] Step 1.2 Stage A: Scanning base sources...
[2026-02-03T07:30:02Z]   [arXiv] 20 papers collected (cs.AI, cs.LG, cs.CL)
[2026-02-03T07:30:03Z]   [US Federal Register] 20 documents collected
[2026-02-03T07:30:04Z]   [WHO Press Releases] 2 items collected
[2026-02-03T07:30:05Z]   [TechCrunch] 20 articles collected
[2026-02-03T07:30:06Z]   [MIT Technology Review] 10 articles collected
[2026-02-03T07:30:06Z]   Stage A complete: 5 sources, 72 items

[2026-02-03T07:30:07Z] Step 1.2 Stage B: Scanning expansion sources...
[2026-02-03T07:30:08Z]   [Nature News] 15 items collected
[2026-02-03T07:30:09Z]   [IEEE Spectrum] 10 items collected
[2026-02-03T07:30:10Z]   [UN News] 15 items collected
[2026-02-03T07:30:11Z]   [Hacker News] 15 items collected
[2026-02-03T07:30:12Z]   [Pew Research Center] 10 items collected
[2026-02-03T07:30:13Z]   [Carbon Brief] 4 items collected
[2026-02-03T07:30:14Z]   [BIS Speeches] 10 items collected (Dec 2025 data)
[2026-02-03T07:30:15Z]   [Science Magazine] 10 items collected
[2026-02-03T07:30:16Z]   [NASA Climate Change] 4 items collected (via web search)
[2026-02-03T07:30:17Z]   [Wired] FAILED: fetch_blocked
[2026-02-03T07:30:17Z]   [Ars Technica] FAILED: fetch_blocked
[2026-02-03T07:30:17Z]   [PubMed Central] SKIPPED: html_no_feed (known issue)
[2026-02-03T07:30:17Z]   [World Bank Blogs] SKIPPED: 404_redirect (known issue)
[2026-02-03T07:30:17Z]   [EUR-Lex] SKIPPED: html_no_feed (known issue)
[2026-02-03T07:30:17Z]   [OECD Newsroom] SKIPPED: html_no_feed (known issue)
[2026-02-03T07:30:17Z]   [WEF] SKIPPED: html_no_feed (known issue)
[2026-02-03T07:30:17Z]   [IMF Blog] SKIPPED: html_no_feed (known issue)
[2026-02-03T07:30:17Z]   [Brookings] SKIPPED: redirect_loop
[2026-02-03T07:30:17Z]   Stage B complete: 9 sources succeeded, 9 failed, 93 items

[2026-02-03T07:30:18Z] Step 1.2 complete: 165 items total (72 base + 93 expansion)

[2026-02-03T07:30:18Z] Step 1.3: 4-stage dedup cascade
[2026-02-03T07:30:18Z]   Stage 1 (URL exact): 38 duplicates removed
[2026-02-03T07:30:19Z]   Stage 2 (Jaro-Winkler): 12 duplicates removed
[2026-02-03T07:30:19Z]   Stage 3 (SBERT semantic): 4 duplicates removed
[2026-02-03T07:30:19Z]   Stage 4 (NER entity): 2 duplicates removed
[2026-02-03T07:30:19Z]   Total dedup: 56 removed (33.9%)
[2026-02-03T07:30:19Z]   New unique signals: 109

[2026-02-03T07:30:20Z] Step 1.4: Optional review - AUTO PASSED (confidence 0.87 > 0.7)

[2026-02-03T07:35:00Z] PHASE 2: PLANNING
[2026-02-03T07:35:00Z] Step 2.1: STEEPs classification (48 signals)
[2026-02-03T07:35:01Z]   T: 17, P: 14, E: 6, S: 5, E_env: 4, s: 2
[2026-02-03T07:35:01Z]   Classification confidence: 0.89

[2026-02-03T07:35:02Z] Step 2.2: Impact analysis
[2026-02-03T07:35:02Z]   Futures Wheel: 4 key signals analyzed (2-order impacts)
[2026-02-03T07:35:02Z]   Cross-Impact Matrix: 103 interactions, 7 strong
[2026-02-03T07:35:02Z]   Complexity: 0.068 (below 0.5 threshold)

[2026-02-03T07:35:03Z] Step 2.3: Priority ranking (weighted scoring)
[2026-02-03T07:35:03Z]   Top signal: SpaceX-xAI Merger (score 9.2)

[2026-02-03T07:35:03Z] Step 2.4: Scenario check - NOT TRIGGERED (complexity 0.068 < 0.5)

[2026-02-03T07:35:04Z] Step 2.5: Human review - NOTED AND PROCEEDING

[2026-02-03T07:40:00Z] PHASE 3: IMPLEMENTATION
[2026-02-03T07:40:00Z] Step 3.1: Database backup created (database-2026-02-03-pre-update.json)
[2026-02-03T07:40:01Z] Step 3.1: 48 signals registered to database (461 -> 509)

[2026-02-03T07:40:02Z] Step 3.2: Report generation (skeleton-fill method)
[2026-02-03T07:40:02Z] Step 3.2: Validation result: 14/14 PASS

[2026-02-03T07:45:00Z] Step 3.3: Report archived to reports/archive/2026/02/

[2026-02-03T07:45:00Z] AWAITING Step 3.4: Human approval required
[2026-02-03T07:45:00Z] Use /approve to approve or /revision to request changes
