[2026-02-02T10:46:10.517313] === Environmental Scan Workflow ===
[2026-02-02T10:46:10.517316] Mode: Marathon (base + expansion)
[2026-02-02T10:46:10.517317] Workflow ID: scan-2026-02-02-marathon

[Phase 1] Research
  Step 1.1: Archive loaded (323 existing signals)
  Step 1.2 Stage A: 5 base sources scanned, 202 items collected (17.65s)
  Step 1.2 Stage B: 18 expansion sources attempted, 15 succeeded, 140 items (42.36s)
  Step 1.3: 4-stage dedup cascade: 342 -> 138 (204 removed, 59.6%)
  Step 1.4: Auto-skipped (high confidence)
  Step 1.5: Expert panel threshold met (138 > 50) but deferred

[Phase 2] Planning
  Step 2.1: Classification: T=83, P=44, S=7, E_env=4
  Step 2.2: Impact analysis: Futures Wheel + Cross-Impact Matrix
  Step 2.3: Priority ranking: all 138 in medium range (5-7)
  Step 2.4: Complexity=0.000, no scenario generation
  Step 2.5: Human review checkpoint passed

[Phase 3] Implementation
  Step 3.1: Database updated: +138 signals (total: 461)
  Step 3.2: Korean report generated (21.4 KB)
  Step 3.3: Report archived to reports/archive/2026/02/environmental-scan-2026-02-02.md

[Failed Sources]
  PubMed Central: 502 Bad Gateway
  World Bank Blogs: 404 Not Found
  EUR-Lex Recent Acts: 404 Not Found
  Empty feeds: OECD, Brookings, WEF, IMF Blog, BIS Speeches

[2026-02-02T10:46:10.517319] Workflow completed successfully